<?xml version="1.0" encoding="UTF-8"?>
<testsuite name="Tests.TestJuguete" tests="2" skipped="0" failures="0" errors="0" timestamp="2019-10-21T15:07:39" hostname="PRACTIAARNB823" time="109.136">
  <properties/>
  <testcase name="testJuguete" classname="Tests.TestJuguete" time="7.763"/>
  <testcase name="testJuguete" classname="Tests.TestJuguete" time="6.51"/>
  <system-out><![CDATA[12:07:39 | INFO  - TEST :: STARTING :: testJuguete
12:07:39 | INFO  - ------------------Test Started------------------
12:07:39 | INFO  - Getting the page http://www.MercadoLibre.com.ar
12:07:39 | INFO  - Creating a new instance of chrome DriverWeb
12:07:41 | INFO  - DriverWeb for chrome has been created.
12:07:41 | INFO  - Chequeando existencia del elemento By.xpath: //header//a[contains(text(),'Categor')]
12:07:42 | INFO  - moviendome al elemento By.xpath: //header//a[contains(text(),'Categor')]
12:07:43 | INFO  - Chequeando existencia del elemento By.xpath: //header//a[contains(text(),'Juguetes')]
12:07:44 | INFO  - moviendome al elemento By.xpath: //header//a[contains(text(),'Juguetes')]
12:07:44 | INFO  - Chequeando existencia del elemento By.xpath: //header//div[@class='nav-categs-detail__body']//a[contains(text(),'Cuarto')]
12:07:44 | INFO  - Chequeando existencia del elemento By.xpath: //title
12:07:45 | INFO  - Obteniendo texto del elemento By.xpath: //h1[contains(text(),'Cuarto')]
12:07:46 | INFO  - Texto Obtenido: 'Cuarto del Bebé'
12:07:46 | INFO  - Obteniendo texto del elemento By.xpath: //div[@class='quantity-results']
12:07:46 | INFO  - Texto Obtenido: '27.908 resultados'
12:07:46 | INFO  - Asserts correctos
12:07:46 | INFO  - ------------------Test Finished------------------
12:07:46 | INFO  - TEST :: SUCCEDED :: testJuguete
12:09:21 | INFO  - TEST :: STARTING :: testJuguete
12:09:21 | INFO  - ------------------Test Started------------------
12:09:21 | INFO  - Getting the page http://www.MercadoLibre.com.ar
12:09:21 | INFO  - Creating a new instance of chrome DriverWeb
12:09:24 | INFO  - DriverWeb for chrome has been created.
12:09:24 | INFO  - Chequeando existencia del elemento By.xpath: //header//a[contains(text(),'Categor')]
12:09:25 | INFO  - moviendome al elemento By.xpath: //header//a[contains(text(),'Categor')]
12:09:25 | INFO  - Chequeando existencia del elemento By.xpath: //header//a[contains(text(),'Juguetes')]
12:09:26 | INFO  - moviendome al elemento By.xpath: //header//a[contains(text(),'Juguetes')]
12:09:26 | INFO  - Chequeando existencia del elemento By.xpath: //header//div[@class='nav-categs-detail__body']//a[contains(text(),'Cuarto')]
12:09:26 | INFO  - Chequeando existencia del elemento By.xpath: //title
12:09:27 | INFO  - Obteniendo texto del elemento By.xpath: //h1[contains(text(),'Cuarto')]
12:09:28 | INFO  - Texto Obtenido: 'Cuarto del Bebé'
12:09:28 | INFO  - Obteniendo texto del elemento By.xpath: //div[@class='quantity-results']
12:09:28 | INFO  - Texto Obtenido: '27.910 resultados'
12:09:28 | INFO  - Asserts correctos
12:09:28 | INFO  - ------------------Test Finished------------------
12:09:28 | INFO  - TEST :: SUCCEDED :: testJuguete
]]></system-out>
  <system-err><![CDATA[oct 21, 2019 12:07:39 PM org.openqa.selenium.remote.DesiredCapabilities chrome
INFORMACIÓN: Using `new ChromeOptions()` is preferred to `DesiredCapabilities.chrome()`
Starting ChromeDriver 2.40.565498 (ea082db3280dd6843ebfb08a625e3eb905c4f5ab) on port 46386
Only local connections are allowed.
oct 21, 2019 12:07:41 PM org.openqa.selenium.remote.ProtocolHandshake createSession
INFORMACIÓN: Detected dialect: OSS
oct 21, 2019 12:09:21 PM org.openqa.selenium.remote.DesiredCapabilities chrome
INFORMACIÓN: Using `new ChromeOptions()` is preferred to `DesiredCapabilities.chrome()`
Starting ChromeDriver 2.40.565498 (ea082db3280dd6843ebfb08a625e3eb905c4f5ab) on port 29531
Only local connections are allowed.
oct 21, 2019 12:09:24 PM org.openqa.selenium.remote.ProtocolHandshake createSession
INFORMACIÓN: Detected dialect: OSS
]]></system-err>
</testsuite>
