<?xml version="1.0" encoding="UTF-8"?>
<testsuite name="Tests.TestBelleza" tests="1" skipped="0" failures="0" errors="0" timestamp="2019-10-21T15:00:09" hostname="PRACTIAARNB823" time="37.896">
  <properties/>
  <testcase name="testBelleza" classname="Tests.TestBelleza" time="37.896"/>
  <system-out><![CDATA[12:00:09 | INFO  - TEST :: STARTING :: testBelleza
12:00:09 | INFO  - ------------------Test Started------------------
12:00:09 | INFO  - Getting the page http://www.MercadoLibre.com.ar
12:00:09 | INFO  - Creating a new instance of chrome DriverWeb
12:00:13 | INFO  - DriverWeb for chrome has been created.
12:00:14 | INFO  - Chequeando existencia del elemento By.xpath: //header//a[contains(text(),'Categor')]
12:00:19 | INFO  - moviendome al elemento By.xpath: //header//a[contains(text(),'Categor')]
12:00:24 | INFO  - Chequeando existencia del elemento By.xpath: //header//a[contains(text(),'Belleza')]
12:00:30 | INFO  - Chequeando existencia del elemento By.xpath: //title
12:00:31 | INFO  - Obteniendo texto del elemento By.xpath: //p[contains(text(),'Tus preferidos')]
12:00:31 | INFO  - Texto Obtenido: 'TUS PREFERIDOS'
12:00:31 | INFO  - Chequeando existencia del elemento By.xpath: //h3[contains(text(),'Fragancias')]
12:00:31 | INFO  - moviendome al elemento By.xpath: //h3[contains(text(),'Fragancias')]
12:00:41 | INFO  - Chequeando existencia del elemento By.xpath: //title
12:00:45 | INFO  - Obteniendo texto del elemento By.xpath: //h1[contains(text(),'Perfumes')]
12:00:47 | INFO  - Texto Obtenido: 'Perfumes Nuevo'
12:00:47 | INFO  - Obteniendo texto del elemento By.xpath: //div[@class='quantity-results']
12:00:47 | INFO  - Texto Obtenido: '1.627 resultados'
12:00:47 | INFO  - Asserts correctos
12:00:47 | INFO  - ------------------Test Finished------------------
12:00:47 | INFO  - TEST :: SUCCEDED :: testBelleza
]]></system-out>
  <system-err><![CDATA[oct 21, 2019 12:00:09 PM org.openqa.selenium.remote.DesiredCapabilities chrome
INFORMACIÓN: Using `new ChromeOptions()` is preferred to `DesiredCapabilities.chrome()`
Starting ChromeDriver 2.40.565498 (ea082db3280dd6843ebfb08a625e3eb905c4f5ab) on port 41736
Only local connections are allowed.
oct 21, 2019 12:00:13 PM org.openqa.selenium.remote.ProtocolHandshake createSession
INFORMACIÓN: Detected dialect: OSS
]]></system-err>
</testsuite>
