<?xml version="1.0" encoding="UTF-8"?>
<testsuite name="Tests.TestTextil" tests="2" skipped="0" failures="0" errors="0" timestamp="2019-10-21T15:08:53" hostname="PRACTIAARNB823" time="51.366">
  <properties/>
  <testcase name="testTextil" classname="Tests.TestTextil" time="8.27"/>
  <testcase name="testTextil" classname="Tests.TestTextil" time="6.955"/>
  <system-out><![CDATA[12:08:53 | INFO  - TEST :: STARTING :: testTextil
12:08:53 | INFO  - ------------------Test Started------------------
12:08:53 | INFO  - Getting the page http://www.MercadoLibre.com.ar
12:08:53 | INFO  - Creating a new instance of chrome DriverWeb
12:08:55 | INFO  - DriverWeb for chrome has been created.
12:08:55 | INFO  - Chequeando existencia del elemento By.xpath: //header//a[contains(text(),'Categor')]
12:08:57 | INFO  - moviendome al elemento By.xpath: //header//a[contains(text(),'Categor')]
12:08:58 | INFO  - Chequeando existencia del elemento By.xpath: //header//a[contains(text(),'Herramientas')]
12:08:59 | INFO  - moviendome al elemento By.xpath: //header//a[contains(text(),'Herramientas')]
12:08:59 | INFO  - Chequeando existencia del elemento By.xpath: //header//div[@class='nav-categs-detail__body']//a[contains(text(),'Textil')]
12:08:59 | INFO  - Chequeando existencia del elemento By.xpath: //title
12:09:01 | INFO  - Obteniendo texto del elemento By.xpath: //h1[contains(text(),'Textil')]
12:09:01 | INFO  - Texto Obtenido: 'Industria Textil'
12:09:01 | INFO  - Obteniendo texto del elemento By.xpath: //div[@class='quantity-results']
12:09:01 | INFO  - Texto Obtenido: '26.302 resultados'
12:09:01 | INFO  - Asserts correctos
12:09:01 | INFO  - ------------------Test Finished------------------
12:09:01 | INFO  - TEST :: SUCCEDED :: testTextil
12:09:38 | INFO  - TEST :: STARTING :: testTextil
12:09:38 | INFO  - ------------------Test Started------------------
12:09:38 | INFO  - Getting the page http://www.MercadoLibre.com.ar
12:09:38 | INFO  - Creating a new instance of chrome DriverWeb
12:09:40 | INFO  - DriverWeb for chrome has been created.
12:09:40 | INFO  - Chequeando existencia del elemento By.xpath: //header//a[contains(text(),'Categor')]
12:09:41 | INFO  - moviendome al elemento By.xpath: //header//a[contains(text(),'Categor')]
12:09:42 | INFO  - Chequeando existencia del elemento By.xpath: //header//a[contains(text(),'Herramientas')]
12:09:42 | INFO  - moviendome al elemento By.xpath: //header//a[contains(text(),'Herramientas')]
12:09:42 | INFO  - Chequeando existencia del elemento By.xpath: //header//div[@class='nav-categs-detail__body']//a[contains(text(),'Textil')]
12:09:42 | INFO  - Chequeando existencia del elemento By.xpath: //title
12:09:43 | INFO  - Obteniendo texto del elemento By.xpath: //h1[contains(text(),'Textil')]
12:09:44 | INFO  - Texto Obtenido: 'Industria Textil'
12:09:44 | INFO  - Obteniendo texto del elemento By.xpath: //div[@class='quantity-results']
12:09:45 | INFO  - Texto Obtenido: '26.302 resultados'
12:09:45 | INFO  - Asserts correctos
12:09:45 | INFO  - ------------------Test Finished------------------
12:09:45 | INFO  - TEST :: SUCCEDED :: testTextil
]]></system-out>
  <system-err><![CDATA[oct 21, 2019 12:08:53 PM org.openqa.selenium.remote.DesiredCapabilities chrome
INFORMACIÓN: Using `new ChromeOptions()` is preferred to `DesiredCapabilities.chrome()`
Starting ChromeDriver 2.40.565498 (ea082db3280dd6843ebfb08a625e3eb905c4f5ab) on port 15663
Only local connections are allowed.
oct 21, 2019 12:08:55 PM org.openqa.selenium.remote.ProtocolHandshake createSession
INFORMACIÓN: Detected dialect: OSS
oct 21, 2019 12:09:38 PM org.openqa.selenium.remote.DesiredCapabilities chrome
INFORMACIÓN: Using `new ChromeOptions()` is preferred to `DesiredCapabilities.chrome()`
Starting ChromeDriver 2.40.565498 (ea082db3280dd6843ebfb08a625e3eb905c4f5ab) on port 21935
Only local connections are allowed.
oct 21, 2019 12:09:40 PM org.openqa.selenium.remote.ProtocolHandshake createSession
INFORMACIÓN: Detected dialect: OSS
]]></system-err>
</testsuite>
