<?xml version="1.0" encoding="UTF-8"?>
<testsuite name="Tests.TestBelleza" tests="2" skipped="0" failures="0" errors="0" timestamp="2019-10-21T15:07:22" hostname="PRACTIAARNB823" time="108.434">
  <properties/>
  <testcase name="testBelleza" classname="Tests.TestBelleza" time="8.192"/>
  <testcase name="testBelleza" classname="Tests.TestBelleza" time="8.39"/>
  <system-out><![CDATA[12:07:22 | INFO  - TEST :: STARTING :: testBelleza
12:07:22 | INFO  - ------------------Test Started------------------
12:07:22 | INFO  - Getting the page http://www.MercadoLibre.com.ar
12:07:22 | INFO  - Creating a new instance of chrome DriverWeb
12:07:26 | INFO  - DriverWeb for chrome has been created.
12:07:26 | INFO  - Chequeando existencia del elemento By.xpath: //header//a[contains(text(),'Categor')]
12:07:27 | INFO  - moviendome al elemento By.xpath: //header//a[contains(text(),'Categor')]
12:07:28 | INFO  - Chequeando existencia del elemento By.xpath: //header//a[contains(text(),'Belleza')]
12:07:28 | INFO  - Chequeando existencia del elemento By.xpath: //title
12:07:28 | INFO  - Obteniendo texto del elemento By.xpath: //p[contains(text(),'Tus preferidos')]
12:07:28 | INFO  - Texto Obtenido: 'TUS PREFERIDOS'
12:07:28 | INFO  - Chequeando existencia del elemento By.xpath: //h3[contains(text(),'Fragancias')]
12:07:28 | INFO  - moviendome al elemento By.xpath: //h3[contains(text(),'Fragancias')]
12:07:29 | INFO  - Chequeando existencia del elemento By.xpath: //title
12:07:30 | INFO  - Obteniendo texto del elemento By.xpath: //h1[contains(text(),'Perfumes')]
12:07:30 | INFO  - Texto Obtenido: 'Perfumes Nuevo'
12:07:30 | INFO  - Obteniendo texto del elemento By.xpath: //div[@class='quantity-results']
12:07:30 | INFO  - Texto Obtenido: '1.627 resultados'
12:07:30 | INFO  - Asserts correctos
12:07:30 | INFO  - ------------------Test Finished------------------
12:07:30 | INFO  - TEST :: SUCCEDED :: testBelleza
12:09:02 | INFO  - TEST :: STARTING :: testBelleza
12:09:02 | INFO  - ------------------Test Started------------------
12:09:02 | INFO  - Getting the page http://www.MercadoLibre.com.ar
12:09:02 | INFO  - Creating a new instance of chrome DriverWeb
12:09:05 | INFO  - DriverWeb for chrome has been created.
12:09:05 | INFO  - Chequeando existencia del elemento By.xpath: //header//a[contains(text(),'Categor')]
12:09:06 | INFO  - moviendome al elemento By.xpath: //header//a[contains(text(),'Categor')]
12:09:06 | INFO  - Chequeando existencia del elemento By.xpath: //header//a[contains(text(),'Belleza')]
12:09:08 | INFO  - Chequeando existencia del elemento By.xpath: //title
12:09:08 | INFO  - Obteniendo texto del elemento By.xpath: //p[contains(text(),'Tus preferidos')]
12:09:08 | INFO  - Texto Obtenido: 'TUS PREFERIDOS'
12:09:08 | INFO  - Chequeando existencia del elemento By.xpath: //h3[contains(text(),'Fragancias')]
12:09:08 | INFO  - moviendome al elemento By.xpath: //h3[contains(text(),'Fragancias')]
12:09:09 | INFO  - Chequeando existencia del elemento By.xpath: //title
12:09:10 | INFO  - Obteniendo texto del elemento By.xpath: //h1[contains(text(),'Perfumes')]
12:09:10 | INFO  - Texto Obtenido: 'Perfumes Nuevo'
12:09:10 | INFO  - Obteniendo texto del elemento By.xpath: //div[@class='quantity-results']
12:09:11 | INFO  - Texto Obtenido: '1.627 resultados'
12:09:11 | INFO  - Asserts correctos
12:09:11 | INFO  - ------------------Test Finished------------------
12:09:11 | INFO  - TEST :: SUCCEDED :: testBelleza
]]></system-out>
  <system-err><![CDATA[oct 21, 2019 12:07:22 PM org.openqa.selenium.remote.DesiredCapabilities chrome
INFORMACIÓN: Using `new ChromeOptions()` is preferred to `DesiredCapabilities.chrome()`
Starting ChromeDriver 2.40.565498 (ea082db3280dd6843ebfb08a625e3eb905c4f5ab) on port 15822
Only local connections are allowed.
oct 21, 2019 12:07:25 PM org.openqa.selenium.remote.ProtocolHandshake createSession
INFORMACIÓN: Detected dialect: OSS
oct 21, 2019 12:09:02 PM org.openqa.selenium.remote.DesiredCapabilities chrome
INFORMACIÓN: Using `new ChromeOptions()` is preferred to `DesiredCapabilities.chrome()`
Starting ChromeDriver 2.40.565498 (ea082db3280dd6843ebfb08a625e3eb905c4f5ab) on port 19394
Only local connections are allowed.
oct 21, 2019 12:09:05 PM org.openqa.selenium.remote.ProtocolHandshake createSession
INFORMACIÓN: Detected dialect: OSS
]]></system-err>
</testsuite>
