<?xml version="1.0" encoding="UTF-8"?>
<testsuite name="Tests.TestTextil" tests="1" skipped="0" failures="0" errors="0" timestamp="2019-10-21T15:01:21" hostname="PRACTIAARNB823" time="11.192">
  <properties/>
  <testcase name="testTextil" classname="Tests.TestTextil" time="11.192"/>
  <system-out><![CDATA[12:01:21 | INFO  - TEST :: STARTING :: testTextil
12:01:21 | INFO  - ------------------Test Started------------------
12:01:21 | INFO  - Getting the page http://www.MercadoLibre.com.ar
12:01:21 | INFO  - Creating a new instance of chrome DriverWeb
12:01:24 | INFO  - DriverWeb for chrome has been created.
12:01:24 | INFO  - Chequeando existencia del elemento By.xpath: //header//a[contains(text(),'Categor')]
12:01:29 | INFO  - moviendome al elemento By.xpath: //header//a[contains(text(),'Categor')]
12:01:29 | INFO  - Chequeando existencia del elemento By.xpath: //header//a[contains(text(),'Herramientas')]
12:01:30 | INFO  - moviendome al elemento By.xpath: //header//a[contains(text(),'Herramientas')]
12:01:30 | INFO  - Chequeando existencia del elemento By.xpath: //header//div[@class='nav-categs-detail__body']//a[contains(text(),'Textil')]
12:01:30 | INFO  - Chequeando existencia del elemento By.xpath: //title
12:01:31 | INFO  - Obteniendo texto del elemento By.xpath: //h1[contains(text(),'Textil')]
12:01:32 | INFO  - Texto Obtenido: 'Industria Textil'
12:01:32 | INFO  - Obteniendo texto del elemento By.xpath: //div[@class='quantity-results']
12:01:32 | INFO  - Texto Obtenido: '26.296 resultados'
12:01:32 | INFO  - Asserts correctos
12:01:32 | INFO  - ------------------Test Finished------------------
12:01:32 | INFO  - TEST :: SUCCEDED :: testTextil
]]></system-out>
  <system-err><![CDATA[oct 21, 2019 12:01:21 PM org.openqa.selenium.remote.DesiredCapabilities chrome
INFORMACIÓN: Using `new ChromeOptions()` is preferred to `DesiredCapabilities.chrome()`
Starting ChromeDriver 2.40.565498 (ea082db3280dd6843ebfb08a625e3eb905c4f5ab) on port 44595
Only local connections are allowed.
oct 21, 2019 12:01:23 PM org.openqa.selenium.remote.ProtocolHandshake createSession
INFORMACIÓN: Detected dialect: OSS
]]></system-err>
</testsuite>
